[debug] [2020-10-07T18:18:02.904Z] ----------------------------------------------------------------------
[debug] [2020-10-07T18:18:02.906Z] Command:       /usr/local/bin/node /usr/local/bin/firebase emulators:start
[debug] [2020-10-07T18:18:02.906Z] CLI Version:   8.10.0
[debug] [2020-10-07T18:18:02.906Z] Platform:      darwin
[debug] [2020-10-07T18:18:02.906Z] Node Version:  v14.4.0
[debug] [2020-10-07T18:18:02.908Z] Time:          Wed Oct 07 2020 14:18:02 GMT-0400 (Eastern Daylight Time)
[debug] [2020-10-07T18:18:02.908Z] ----------------------------------------------------------------------
[debug] [2020-10-07T18:18:02.908Z] 
[debug] [2020-10-07T18:18:02.916Z] > command requires scopes: ["email","openid","https://www.googleapis.com/auth/cloudplatformprojects.readonly","https://www.googleapis.com/auth/firebase","https://www.googleapis.com/auth/cloud-platform"]
[debug] [2020-10-07T18:18:02.916Z] > authorizing via signed-in user
[info] i  emulators: Starting emulators: functions, hosting {"metadata":{"emulator":{"name":"hub"},"message":"Starting emulators: functions, hosting"}}
[debug] [2020-10-07T18:18:02.942Z] [hub] writing locator at /var/folders/hd/9qtxnrn51kj0jjyxdf_f1_jw0000gn/T/hub-clone-96933.json
[warn] ⚠  functions: The following emulators are not running, calls to these services from the Functions emulator will affect production: firestore, database, pubsub {"metadata":{"emulator":{"name":"functions"},"message":"The following emulators are not running, calls to these services from the Functions emulator will affect production: \u001b[1mfirestore, database, pubsub\u001b[22m"}}
[warn] ⚠  Your requested "node" version "10" doesn't match your global version "14" {"metadata":{"emulator":{"name":"functions"},"message":"Your requested \"node\" version \"10\" doesn't match your global version \"14\""}}
[debug] [2020-10-07T18:18:02.975Z] defaultcredentials: writing to file /Users/Daniel/.config/firebase/dbaroz57_gmail_com_application_default_credentials.json
[debug] [2020-10-07T18:18:02.981Z] Setting GAC to /Users/Daniel/.config/firebase/dbaroz57_gmail_com_application_default_credentials.json {"metadata":{"emulator":{"name":"functions"},"message":"Setting GAC to /Users/Daniel/.config/firebase/dbaroz57_gmail_com_application_default_credentials.json"}}
[debug] [2020-10-07T18:18:03.244Z] >>> HTTP REQUEST GET https://firebase.googleapis.com/v1beta1/projects/clone-96933/webApps/-/config  
 
[debug] [2020-10-07T18:18:03.685Z] <<< HTTP RESPONSE 200 {"content-type":"application/json; charset=UTF-8","vary":"X-Origin, Referer, Origin,Accept-Encoding","date":"Wed, 07 Oct 2020 18:18:03 GMT","server":"ESF","cache-control":"private","x-xss-protection":"0","x-frame-options":"SAMEORIGIN","x-content-type-options":"nosniff","alt-svc":"h3-Q050=\":443\"; ma=2592000,h3-29=\":443\"; ma=2592000,h3-27=\":443\"; ma=2592000,h3-T051=\":443\"; ma=2592000,h3-T050=\":443\"; ma=2592000,h3-Q046=\":443\"; ma=2592000,h3-Q043=\":443\"; ma=2592000,quic=\":443\"; ma=2592000; v=\"46,43\"","accept-ranges":"none","transfer-encoding":"chunked"}
[info] i  hosting: Serving hosting files from: build {"metadata":{"emulator":{"name":"hosting"},"message":"Serving hosting files from: \u001b[1mbuild\u001b[22m"}}
[info] ✔  hosting: Local server: http://localhost:5000 {"metadata":{"emulator":{"name":"hosting"},"message":"Local server: \u001b[4m\u001b[1mhttp://localhost:5000\u001b[22m\u001b[24m"}}
[debug] [2020-10-07T18:18:03.732Z] Ignoring unsupported arg: auto_download {"metadata":{"emulator":{"name":"ui"},"message":"Ignoring unsupported arg: auto_download"}}
[debug] [2020-10-07T18:18:03.733Z] Ignoring unsupported arg: port {"metadata":{"emulator":{"name":"ui"},"message":"Ignoring unsupported arg: port"}}
[debug] [2020-10-07T18:18:03.733Z] Starting Emulator UI with command {"binary":"node","args":["/Users/Daniel/.cache/firebase/emulators/ui-v1.1.1/server.bundle.js"],"optionalArgs":[],"joinArgs":false} {"metadata":{"emulator":{"name":"ui"},"message":"Starting Emulator UI with command {\"binary\":\"node\",\"args\":[\"/Users/Daniel/.cache/firebase/emulators/ui-v1.1.1/server.bundle.js\"],\"optionalArgs\":[],\"joinArgs\":false}"}}
[info] i  ui: Emulator UI logging to ui-debug.log {"metadata":{"emulator":{"name":"ui"},"message":"Emulator UI logging to \u001b[1mui-debug.log\u001b[22m"}}
[debug] [2020-10-07T18:18:03.889Z] Web / API server started at http://localhost:4000
 {"metadata":{"emulator":{"name":"ui"},"message":"Web / API server started at http://localhost:4000\n"}}
[info] i  functions: Watching "/Users/Daniel/Desktop/amazon-clone/functions" for Cloud Functions... {"metadata":{"emulator":{"name":"functions"},"message":"Watching \"/Users/Daniel/Desktop/amazon-clone/functions\" for Cloud Functions..."}}
[debug] [2020-10-07T18:18:04.014Z] [worker-pool] addWorker(~diagnostic~) {"metadata":{"emulator":{"name":"functions"},"message":"[worker-pool] addWorker(~diagnostic~)"}}
[debug] [2020-10-07T18:18:04.014Z] [worker-pool] Adding worker with key ~diagnostic~, total=1 {"metadata":{"emulator":{"name":"functions"},"message":"[worker-pool] Adding worker with key ~diagnostic~, total=1"}}
[debug] [2020-10-07T18:18:04.014Z] [worker-pool] submitWork(triggerId=) {"metadata":{"emulator":{"name":"functions"},"message":"[worker-pool] submitWork(triggerId=)"}}
[debug] [2020-10-07T18:18:04.015Z] [worker-~diagnostic~-1376952f-211c-4140-afe2-451cd2a54e96]: Assigning socketPath: /var/folders/hd/9qtxnrn51kj0jjyxdf_f1_jw0000gn/T/fire_emu_259.sock {"metadata":{"emulator":{"name":"functions"},"message":"[worker-~diagnostic~-1376952f-211c-4140-afe2-451cd2a54e96]: Assigning socketPath: /var/folders/hd/9qtxnrn51kj0jjyxdf_f1_jw0000gn/T/fire_emu_259.sock"}}
[debug] [2020-10-07T18:18:04.015Z] [worker-~diagnostic~-1376952f-211c-4140-afe2-451cd2a54e96]: BUSY {"metadata":{"emulator":{"name":"functions"},"message":"[worker-~diagnostic~-1376952f-211c-4140-afe2-451cd2a54e96]: BUSY"}}
[debug] [2020-10-07T18:18:04.466Z] [runtime-status] [259] Functions runtime initialized. {"cwd":"/Users/Daniel/Desktop/amazon-clone/functions","node_version":"14.4.0"} {"metadata":{"emulator":{"name":"functions"},"message":"[runtime-status] [259] Functions runtime initialized. {\"cwd\":\"/Users/Daniel/Desktop/amazon-clone/functions\",\"node_version\":\"14.4.0\"}"}}
[debug] [2020-10-07T18:18:04.467Z] [runtime-status] [259] Disabled runtime features: undefined {"metadata":{"emulator":{"name":"functions"},"message":"[runtime-status] [259] Disabled runtime features: undefined"}}
[debug] [2020-10-07T18:18:04.469Z] [runtime-status] [259] Resolved module firebase-admin {"declared":true,"installed":true,"version":"8.13.0","resolution":"/Users/Daniel/Desktop/amazon-clone/functions/node_modules/firebase-admin/lib/index.js"} {"metadata":{"emulator":{"name":"functions"},"message":"[runtime-status] [259] Resolved module firebase-admin {\"declared\":true,\"installed\":true,\"version\":\"8.13.0\",\"resolution\":\"/Users/Daniel/Desktop/amazon-clone/functions/node_modules/firebase-admin/lib/index.js\"}"}}
[debug] [2020-10-07T18:18:04.473Z] [runtime-status] [259] Resolved module firebase-functions {"declared":true,"installed":true,"version":"3.11.0","resolution":"/Users/Daniel/Desktop/amazon-clone/functions/node_modules/firebase-functions/lib/index.js"} {"metadata":{"emulator":{"name":"functions"},"message":"[runtime-status] [259] Resolved module firebase-functions {\"declared\":true,\"installed\":true,\"version\":\"3.11.0\",\"resolution\":\"/Users/Daniel/Desktop/amazon-clone/functions/node_modules/firebase-functions/lib/index.js\"}"}}
[debug] [2020-10-07T18:18:04.475Z] [runtime-status] [259] Resolved module firebase-functions {"declared":true,"installed":true,"version":"3.11.0","resolution":"/Users/Daniel/Desktop/amazon-clone/functions/node_modules/firebase-functions/lib/index.js"} {"metadata":{"emulator":{"name":"functions"},"message":"[runtime-status] [259] Resolved module firebase-functions {\"declared\":true,\"installed\":true,\"version\":\"3.11.0\",\"resolution\":\"/Users/Daniel/Desktop/amazon-clone/functions/node_modules/firebase-functions/lib/index.js\"}"}}
[debug] [2020-10-07T18:18:04.478Z] [runtime-status] [259] Outgoing network have been stubbed. [{"name":"http","status":"mocked"},{"name":"http","status":"mocked"},{"name":"https","status":"mocked"},{"name":"https","status":"mocked"},{"name":"net","status":"mocked"}] {"metadata":{"emulator":{"name":"functions"},"message":"[runtime-status] [259] Outgoing network have been stubbed. [{\"name\":\"http\",\"status\":\"mocked\"},{\"name\":\"http\",\"status\":\"mocked\"},{\"name\":\"https\",\"status\":\"mocked\"},{\"name\":\"https\",\"status\":\"mocked\"},{\"name\":\"net\",\"status\":\"mocked\"}]"}}
[debug] [2020-10-07T18:18:04.479Z] [runtime-status] [259] Resolved module firebase-functions {"declared":true,"installed":true,"version":"3.11.0","resolution":"/Users/Daniel/Desktop/amazon-clone/functions/node_modules/firebase-functions/lib/index.js"} {"metadata":{"emulator":{"name":"functions"},"message":"[runtime-status] [259] Resolved module firebase-functions {\"declared\":true,\"installed\":true,\"version\":\"3.11.0\",\"resolution\":\"/Users/Daniel/Desktop/amazon-clone/functions/node_modules/firebase-functions/lib/index.js\"}"}}
[debug] [2020-10-07T18:18:04.552Z] [runtime-status] [259] Checked functions.config() {"config":{}} {"metadata":{"emulator":{"name":"functions"},"message":"[runtime-status] [259] Checked functions.config() {\"config\":{}}"}}
[debug] [2020-10-07T18:18:04.552Z] [runtime-status] [259] firebase-functions has been stubbed. {"functionsResolution":{"declared":true,"installed":true,"version":"3.11.0","resolution":"/Users/Daniel/Desktop/amazon-clone/functions/node_modules/firebase-functions/lib/index.js"}} {"metadata":{"emulator":{"name":"functions"},"message":"[runtime-status] [259] firebase-functions has been stubbed. {\"functionsResolution\":{\"declared\":true,\"installed\":true,\"version\":\"3.11.0\",\"resolution\":\"/Users/Daniel/Desktop/amazon-clone/functions/node_modules/firebase-functions/lib/index.js\"}}"}}
[debug] [2020-10-07T18:18:04.555Z] [runtime-status] [259] Resolved module firebase-functions {"declared":true,"installed":true,"version":"3.11.0","resolution":"/Users/Daniel/Desktop/amazon-clone/functions/node_modules/firebase-functions/lib/index.js"} {"metadata":{"emulator":{"name":"functions"},"message":"[runtime-status] [259] Resolved module firebase-functions {\"declared\":true,\"installed\":true,\"version\":\"3.11.0\",\"resolution\":\"/Users/Daniel/Desktop/amazon-clone/functions/node_modules/firebase-functions/lib/index.js\"}"}}
[debug] [2020-10-07T18:18:04.557Z] [runtime-status] [259] Resolved module firebase-admin {"declared":true,"installed":true,"version":"8.13.0","resolution":"/Users/Daniel/Desktop/amazon-clone/functions/node_modules/firebase-admin/lib/index.js"} {"metadata":{"emulator":{"name":"functions"},"message":"[runtime-status] [259] Resolved module firebase-admin {\"declared\":true,\"installed\":true,\"version\":\"8.13.0\",\"resolution\":\"/Users/Daniel/Desktop/amazon-clone/functions/node_modules/firebase-admin/lib/index.js\"}"}}
[debug] [2020-10-07T18:18:04.558Z] [runtime-status] [259] Resolved module firebase-functions {"declared":true,"installed":true,"version":"3.11.0","resolution":"/Users/Daniel/Desktop/amazon-clone/functions/node_modules/firebase-functions/lib/index.js"} {"metadata":{"emulator":{"name":"functions"},"message":"[runtime-status] [259] Resolved module firebase-functions {\"declared\":true,\"installed\":true,\"version\":\"3.11.0\",\"resolution\":\"/Users/Daniel/Desktop/amazon-clone/functions/node_modules/firebase-functions/lib/index.js\"}"}}
[debug] [2020-10-07T18:18:04.558Z] [runtime-status] [259] firebase-admin has been stubbed. {"adminResolution":{"declared":true,"installed":true,"version":"8.13.0","resolution":"/Users/Daniel/Desktop/amazon-clone/functions/node_modules/firebase-admin/lib/index.js"}} {"metadata":{"emulator":{"name":"functions"},"message":"[runtime-status] [259] firebase-admin has been stubbed. {\"adminResolution\":{\"declared\":true,\"installed\":true,\"version\":\"8.13.0\",\"resolution\":\"/Users/Daniel/Desktop/amazon-clone/functions/node_modules/firebase-admin/lib/index.js\"}}"}}
[info] 
┌───────────────────────────────────────────────────────────────────────┐
│ ✔  All emulators ready! View status and logs at http://localhost:4000 │
└───────────────────────────────────────────────────────────────────────┘

┌───────────┬────────────────┬─────────────────────────────────┐
│ Emulator  │ Host:Port      │ View in Emulator UI             │
├───────────┼────────────────┼─────────────────────────────────┤
│ Functions │ localhost:5001 │ http://localhost:4000/functions │
├───────────┼────────────────┼─────────────────────────────────┤
│ Hosting   │ localhost:5000 │ n/a                             │
└───────────┴────────────────┴─────────────────────────────────┘
  Other reserved ports: 4400, 4500

Issues? Report them at https://github.com/firebase/firebase-tools/issues and attach the *-debug.log files.
 
[debug] [2020-10-07T18:18:04.567Z] [worker-~diagnostic~-1376952f-211c-4140-afe2-451cd2a54e96]: IDLE {"metadata":{"emulator":{"name":"functions"},"message":"[worker-~diagnostic~-1376952f-211c-4140-afe2-451cd2a54e96]: IDLE"}}
[info] i  hosting: 127.0.0.1 - - [07/Oct/2020:18:18:07 +0000] "GET /payment HTTP/1.1" 304 - "-" "Mozilla/5.0 (Macintosh; Intel Mac OS X 10_15_5) AppleWebKit/537.36 (KHTML, like Gecko) Chrome/84.0.4147.135 Safari/537.36" {"metadata":{"emulator":{"name":"hosting"},"message":"127.0.0.1 - - [07/Oct/2020:18:18:07 +0000] \"GET /payment HTTP/1.1\" 304 - \"-\" \"Mozilla/5.0 (Macintosh; Intel Mac OS X 10_15_5) AppleWebKit/537.36 (KHTML, like Gecko) Chrome/84.0.4147.135 Safari/537.36\""}}
[info] i  hosting: 127.0.0.1 - - [07/Oct/2020:18:18:07 +0000] "GET /favicon.ico HTTP/1.1" 200 2261 "http://localhost:5000/payment" "Mozilla/5.0 (Macintosh; Intel Mac OS X 10_15_5) AppleWebKit/537.36 (KHTML, like Gecko) Chrome/84.0.4147.135 Safari/537.36" {"metadata":{"emulator":{"name":"hosting"},"message":"127.0.0.1 - - [07/Oct/2020:18:18:07 +0000] \"GET /favicon.ico HTTP/1.1\" 200 2261 \"http://localhost:5000/payment\" \"Mozilla/5.0 (Macintosh; Intel Mac OS X 10_15_5) AppleWebKit/537.36 (KHTML, like Gecko) Chrome/84.0.4147.135 Safari/537.36\""}}
[info] i  hosting: 127.0.0.1 - - [07/Oct/2020:18:18:10 +0000] "GET / HTTP/1.1" 200 2261 "-" "Mozilla/5.0 (Macintosh; Intel Mac OS X 10_15_5) AppleWebKit/537.36 (KHTML, like Gecko) Chrome/84.0.4147.135 Safari/537.36" {"metadata":{"emulator":{"name":"hosting"},"message":"127.0.0.1 - - [07/Oct/2020:18:18:10 +0000] \"GET / HTTP/1.1\" 200 2261 \"-\" \"Mozilla/5.0 (Macintosh; Intel Mac OS X 10_15_5) AppleWebKit/537.36 (KHTML, like Gecko) Chrome/84.0.4147.135 Safari/537.36\""}}
